0 info it worked if it ends with ok
1 verbose cli [ '/Users/akorzunov/.nvm/versions/node/v7.7.2/bin/node',
1 verbose cli   '/Users/akorzunov/.nvm/versions/node/v7.7.2/bin/npm',
1 verbose cli   'run',
1 verbose cli   'lint' ]
2 info using npm@4.1.2
3 info using node@v7.7.2
4 verbose run-script [ 'prelint', 'lint', 'postlint' ]
5 info lifecycle react-hot-component-loader@1.0.0~prelint: react-hot-component-loader@1.0.0
6 silly lifecycle react-hot-component-loader@1.0.0~prelint: no script for prelint, continuing
7 info lifecycle react-hot-component-loader@1.0.0~lint: react-hot-component-loader@1.0.0
8 verbose lifecycle react-hot-component-loader@1.0.0~lint: unsafe-perm in lifecycle true
9 verbose lifecycle react-hot-component-loader@1.0.0~lint: PATH: /Users/akorzunov/.nvm/versions/node/v7.7.2/lib/node_modules/npm/bin/node-gyp-bin:/Users/akorzunov/dev/Z/mellis/github/react-hot-component-loader/node_modules/.bin:/Users/akorzunov/.nvm/versions/node/v7.7.2/bin:/usr/local/bin:/usr/bin:/bin:/usr/sbin:/sbin:/opt/X11/bin
10 verbose lifecycle react-hot-component-loader@1.0.0~lint: CWD: /Users/akorzunov/dev/Z/mellis/github/react-hot-component-loader
11 silly lifecycle react-hot-component-loader@1.0.0~lint: Args: [ '-c', 'eslint src tests' ]
12 silly lifecycle react-hot-component-loader@1.0.0~lint: Returned: code: 1  signal: null
13 info lifecycle react-hot-component-loader@1.0.0~lint: Failed to exec lint script
14 verbose stack Error: react-hot-component-loader@1.0.0 lint: `eslint src tests`
14 verbose stack Exit status 1
14 verbose stack     at EventEmitter.<anonymous> (/Users/akorzunov/.nvm/versions/node/v7.7.2/lib/node_modules/npm/lib/utils/lifecycle.js:279:16)
14 verbose stack     at emitTwo (events.js:106:13)
14 verbose stack     at EventEmitter.emit (events.js:194:7)
14 verbose stack     at ChildProcess.<anonymous> (/Users/akorzunov/.nvm/versions/node/v7.7.2/lib/node_modules/npm/lib/utils/spawn.js:40:14)
14 verbose stack     at emitTwo (events.js:106:13)
14 verbose stack     at ChildProcess.emit (events.js:194:7)
14 verbose stack     at maybeClose (internal/child_process.js:899:16)
14 verbose stack     at Process.ChildProcess._handle.onexit (internal/child_process.js:226:5)
15 verbose pkgid react-hot-component-loader@1.0.0
16 verbose cwd /Users/akorzunov/dev/Z/mellis/github/react-hot-component-loader
17 error Darwin 16.6.0
18 error argv "/Users/akorzunov/.nvm/versions/node/v7.7.2/bin/node" "/Users/akorzunov/.nvm/versions/node/v7.7.2/bin/npm" "run" "lint"
19 error node v7.7.2
20 error npm  v4.1.2
21 error code ELIFECYCLE
22 error react-hot-component-loader@1.0.0 lint: `eslint src tests`
22 error Exit status 1
23 error Failed at the react-hot-component-loader@1.0.0 lint script 'eslint src tests'.
23 error Make sure you have the latest version of node.js and npm installed.
23 error If you do, this is most likely a problem with the react-hot-component-loader package,
23 error not with npm itself.
23 error Tell the author that this fails on your system:
23 error     eslint src tests
23 error You can get information on how to open an issue for this project with:
23 error     npm bugs react-hot-component-loader
23 error Or if that isn't available, you can get their info via:
23 error     npm owner ls react-hot-component-loader
23 error There is likely additional logging output above.
24 verbose exit [ 1, true ]
